[0.266s] Invoking command in '/home/giselly/ros2_ws/build/my_robot_controller': PYTHONPATH=/home/giselly/ros2_ws/build/my_robot_controller/prefix_override:/usr/lib/python3/dist-packages/colcon_core/task/python/colcon_distutils_commands:/home/giselly/ros2_ws/install/my_robot_controller/lib/python3.10/site-packages:${PYTHONPATH} /usr/bin/python3 -W ignore:setup.py install is deprecated setup.py develop --editable --build-directory /home/giselly/ros2_ws/build/my_robot_controller/build --no-deps symlink_data --force
[0.382s] running develop
[0.383s] /usr/lib/python3/dist-packages/setuptools/command/easy_install.py:158: EasyInstallDeprecationWarning: easy_install command is deprecated. Use build and pip and other standards-based tools.
[0.383s]   warnings.warn(
[0.447s] running egg_info
[0.447s] writing my_robot_controller.egg-info/PKG-INFO
[0.447s] writing dependency_links to my_robot_controller.egg-info/dependency_links.txt
[0.447s] writing entry points to my_robot_controller.egg-info/entry_points.txt
[0.447s] writing requirements to my_robot_controller.egg-info/requires.txt
[0.447s] writing top-level names to my_robot_controller.egg-info/top_level.txt
[0.448s] reading manifest file 'my_robot_controller.egg-info/SOURCES.txt'
[0.448s] writing manifest file 'my_robot_controller.egg-info/SOURCES.txt'
[0.449s] running build_ext
[0.449s] Creating /home/giselly/ros2_ws/install/my_robot_controller/lib/python3.10/site-packages/my-robot-controller.egg-link (link to .)
[0.450s] Installing test_node script to /home/giselly/ros2_ws/install/my_robot_controller/lib/my_robot_controller
[0.450s] 
[0.450s] Installed /home/giselly/ros2_ws/build/my_robot_controller
[0.450s] running symlink_data
[0.450s] symbolically linking /home/giselly/ros2_ws/build/my_robot_controller/resource/my_robot_controller -> /home/giselly/ros2_ws/install/my_robot_controller/share/ament_index/resource_index/packages
[0.450s] symbolically linking /home/giselly/ros2_ws/build/my_robot_controller/package.xml -> /home/giselly/ros2_ws/install/my_robot_controller/share/my_robot_controller
[0.463s] Invoked command in '/home/giselly/ros2_ws/build/my_robot_controller' returned '0': PYTHONPATH=/home/giselly/ros2_ws/build/my_robot_controller/prefix_override:/usr/lib/python3/dist-packages/colcon_core/task/python/colcon_distutils_commands:/home/giselly/ros2_ws/install/my_robot_controller/lib/python3.10/site-packages:${PYTHONPATH} /usr/bin/python3 -W ignore:setup.py install is deprecated setup.py develop --editable --build-directory /home/giselly/ros2_ws/build/my_robot_controller/build --no-deps symlink_data --force
