[0.274s] Invoking command in '/home/giselly/ros2_ws/src/my_robot_controller': PYTHONPATH=/home/giselly/ros2_ws/build/my_robot_controller/prefix_override:/usr/lib/python3/dist-packages/colcon_core/task/python/colcon_distutils_commands:/home/giselly/ros2_ws/install/my_robot_controller/lib/python3.10/site-packages:${PYTHONPATH} /usr/bin/python3 -W ignore:setup.py install is deprecated setup.py egg_info --egg-base ../../build/my_robot_controller build --build-base /home/giselly/ros2_ws/build/my_robot_controller/build install --record /home/giselly/ros2_ws/build/my_robot_controller/install.log --single-version-externally-managed install_data
[0.382s] running egg_info
[0.383s] writing ../../build/my_robot_controller/my_robot_controller.egg-info/PKG-INFO
[0.383s] writing dependency_links to ../../build/my_robot_controller/my_robot_controller.egg-info/dependency_links.txt
[0.383s] writing entry points to ../../build/my_robot_controller/my_robot_controller.egg-info/entry_points.txt
[0.383s] writing requirements to ../../build/my_robot_controller/my_robot_controller.egg-info/requires.txt
[0.383s] writing top-level names to ../../build/my_robot_controller/my_robot_controller.egg-info/top_level.txt
[0.384s] reading manifest file '../../build/my_robot_controller/my_robot_controller.egg-info/SOURCES.txt'
[0.384s] writing manifest file '../../build/my_robot_controller/my_robot_controller.egg-info/SOURCES.txt'
[0.384s] running build
[0.384s] running build_py
[0.384s] copying my_robot_controller/my_first_node.py -> /home/giselly/ros2_ws/build/my_robot_controller/build/lib/my_robot_controller
[0.384s] running install
[0.384s] running install_lib
[0.385s] copying /home/giselly/ros2_ws/build/my_robot_controller/build/lib/my_robot_controller/my_first_node.py -> /home/giselly/ros2_ws/install/my_robot_controller/lib/python3.10/site-packages/my_robot_controller
[0.385s] byte-compiling /home/giselly/ros2_ws/install/my_robot_controller/lib/python3.10/site-packages/my_robot_controller/my_first_node.py to my_first_node.cpython-310.pyc
[0.385s] running install_data
[0.385s] running install_egg_info
[0.386s] removing '/home/giselly/ros2_ws/install/my_robot_controller/lib/python3.10/site-packages/my_robot_controller-0.0.0-py3.10.egg-info' (and everything under it)
[0.386s] Copying ../../build/my_robot_controller/my_robot_controller.egg-info to /home/giselly/ros2_ws/install/my_robot_controller/lib/python3.10/site-packages/my_robot_controller-0.0.0-py3.10.egg-info
[0.386s] running install_scripts
[0.397s] Installing test_node script to /home/giselly/ros2_ws/install/my_robot_controller/lib/my_robot_controller
[0.398s] writing list of installed files to '/home/giselly/ros2_ws/build/my_robot_controller/install.log'
[0.410s] Invoked command in '/home/giselly/ros2_ws/src/my_robot_controller' returned '0': PYTHONPATH=/home/giselly/ros2_ws/build/my_robot_controller/prefix_override:/usr/lib/python3/dist-packages/colcon_core/task/python/colcon_distutils_commands:/home/giselly/ros2_ws/install/my_robot_controller/lib/python3.10/site-packages:${PYTHONPATH} /usr/bin/python3 -W ignore:setup.py install is deprecated setup.py egg_info --egg-base ../../build/my_robot_controller build --build-base /home/giselly/ros2_ws/build/my_robot_controller/build install --record /home/giselly/ros2_ws/build/my_robot_controller/install.log --single-version-externally-managed install_data
